 _____                 _
/  ___|               | |                         (TM)
\ `--. _ __   ___  ___| |_ _ __ _   _ _ __ ___
 `--. \ '_ \ / _ \/ __| __| '__| | | | '_ ` _ \
/\__/ / |_) |  __/ (__| |_| |  | |_| | | | | | |
\____/| .__/ \___|\___|\__|_|   \__,_|_| |_| |_|
      | |
      |_|
12.1


Welcome to the Spectrum Technology Platform. For assistance type "help" then hit ENTER.
connect --h localhost:9090 --u admin --p ********
Connected to server: localhost:9090
dataflow list
+---------+------+---------+
|   NAME  | TYPE | EXPOSED |
+---------+------+---------+
| New Job |  Job |   false |
+---------+------+---------+

q
 _____                 _
/  ___|               | |                         (TM)
\ `--. _ __   ___  ___| |_ _ __ _   _ _ __ ___
 `--. \ '_ \ / _ \/ __| __| '__| | | | '_ ` _ \
/\__/ / |_) |  __/ (__| |_| |  | |_| | | | | | |
\____/| .__/ \___|\___|\__|_|   \__,_|_| |_| |_|
      | |
      |_|
12.1


Welcome to the Spectrum Technology Platform. For assistance type "help" then hit ENTER.
 _____                 _
/  ___|               | |                         (TM)
\ `--. _ __   ___  ___| |_ _ __ _   _ _ __ ___
 `--. \ '_ \ / _ \/ __| __| '__| | | | '_ ` _ \
/\__/ / |_) |  __/ (__| |_| |  | |_| | | | | | |
\____/| .__/ \___|\___|\__|_|   \__,_|_| |_| |_|
      | |
      |_|
12.1


Welcome to the Spectrum Technology Platform. For assistance type "help" then hit ENTER.
q
connect --h localhost:9090 --u admin --p ********
Connected to server: localhost:9090
dataflow list
+---------+------+---------+
|   NAME  | TYPE | EXPOSED |
+---------+------+---------+
| New Job |  Job |   false |
+---------+------+---------+

close
Closed connection to server
connect --h localhost:9090 --u admin --p ********
Connected to server: localhost:9090
dataflow list
+---------+------+---------+
|   NAME  | TYPE | EXPOSED |
+---------+------+---------+
| New Job |  Job |   false |
+---------+------+---------+

close
Closed connection to server
connect --h localhost:9090 --u admin --p ********
Connected to server: localhost:9090
dataflow list
+---------+------+---------+
|   NAME  | TYPE | EXPOSED |
+---------+------+---------+
| New Job |  Job |   false |
+---------+------+---------+

close
Closed connection to server
connect --h localhost:9090 --u admin --p ********
Connected to server: localhost:9090
dataflow list
+---------+------+---------+
|   NAME  | TYPE | EXPOSED |
+---------+------+---------+
| New Job |  Job |   false |
+---------+------+---------+

close
Closed connection to server
 _____                 _
/  ___|               | |                         (TM)
\ `--. _ __   ___  ___| |_ _ __ _   _ _ __ ___
 `--. \ '_ \ / _ \/ __| __| '__| | | | '_ ` _ \
/\__/ / |_) |  __/ (__| |_| |  | |_| | | | | | |
\____/| .__/ \___|\___|\__|_|   \__,_|_| |_| |_|
      | |
      |_|
12.1


Welcome to the Spectrum Technology Platform. For assistance type "help" then hit ENTER.
connect --h IN-7PP8PC2-10:9090 --u admin --p ********
connect --h IN-7PP8PC2-10:9090 --u admin --p ********
Connected to server: IN-7PP8PC2-10:9090
dataflow list
+---------+------+---------+
|   NAME  | TYPE | EXPOSED |
+---------+------+---------+
| New Job |  Job |   false |
+---------+------+---------+

close
Closed connection to server
connect --h IN-7PP8PC2-10:9090 --u admin --p ********
Connected to server: IN-7PP8PC2-10:9090
dataflow list
+---------+------+---------+
|   NAME  | TYPE | EXPOSED |
+---------+------+---------+
| New Job |  Job |   false |
+---------+------+---------+

close
Closed connection to server
connect --h IN-7PP8PC2-10:9090 --u admin --p ********
Connected to server: IN-7PP8PC2-10:9090
dataflow export  --o exports --d New Job
You cannot specify option 'd' when you have also specified '' in the same command
connect --h IN-7PP8PC2-10:9090 --u admin --p ********
Connected to server: IN-7PP8PC2-10:9090
dataflow export  --o exports --d New Job
You cannot specify option 'd' when you have also specified '' in the same command
connect --h IN-7PP8PC2-10:9090 --u admin --p ********
Connected to server: IN-7PP8PC2-10:9090
dataflow export  --o exports --d "New Job"
You should specify option (--e) for this command
connect --h IN-7PP8PC2-10:9090 --u admin --p ********
Connected to server: IN-7PP8PC2-10:9090
dataflow export  --e True --o exports --d "New Job"
Unable to export dataflow [New Job]: Unable to perform GET request: Internal Server Error
close
Closed connection to server
connect --h IN-7PP8PC2-10:9090 --u admin --p ********
Connected to server: IN-7PP8PC2-10:9090
dataflow export  --e True --o exports --d "job1 test"
Dataflow exported [job1 test]
close
Closed connection to server
connect --h IN-7PP8PC2-10:9090 --u admin --p ********
Connected to server: IN-7PP8PC2-10:9090
dataflow list
+-----------+------+---------+
|    NAME   | TYPE | EXPOSED |
+-----------+------+---------+
|   New Job |  Job |   false |
| job1 test |  Job |    true |
+-----------+------+---------+

close
Closed connection to server
connect --h IN-7PP8PC2-10:9090 --u admin --p ********
Connected to server: IN-7PP8PC2-10:9090
dataflow export  --e True --o exports --d "job1 test"
Dataflow exported [job1 test]
close
Closed connection to server
connect --h IN-7PP8PC2-10:9090 --u admin --p ********
Connected to server: IN-7PP8PC2-10:9090
dataflow list
+-----------+------+---------+
|    NAME   | TYPE | EXPOSED |
+-----------+------+---------+
|   New Job |  Job |   false |
| job1 test |  Job |    true |
+-----------+------+---------+

close
Closed connection to server
connect --h IN-7PP8PC2-10:9090 --u admin --p ********
Connected to server: IN-7PP8PC2-10:9090
dataflow export  --e True --o exports --d "job1 test"
Dataflow exported [job1 test]
dataflow export  --e True --o exports --d "New Job"
Unable to export dataflow [New Job]: Unable to perform GET request: Internal Server Error
close
Closed connection to server
connect --h IN-7PP8PC2-10:9090 --u admin --p ********
Connected to server: IN-7PP8PC2-10:9090
dataflow export  --e True --o exports --d "job1 test"
Dataflow exported [job1 test]
dataflow export  --e True --o exports --d "New Job"
Unable to export dataflow [New Job]: Unable to perform GET request: Internal Server Error
close
Closed connection to server
--cmdfile dataflowexport.txt.out
Command '--cmdfile dataflowexport.txt.out' not found (for assistance press TAB)
--cmdfile dataflowexport.txt.out
Command '--cmdfile dataflowexport.txt.out' not found (for assistance press TAB)
--cmdfile dataflowexport.txt.out
Command '--cmdfile dataflowexport.txt.out' not found (for assistance press TAB)
connect --h IN-7PP8PC2-10:9090 --u admin --p ********
Connected to server: IN-7PP8PC2-10:9090
dataflow export  --e True --o exports --d "job1 test"
Dataflow exported [job1 test]
dataflow export  --e True --o exports --d "New Job"
Unable to export dataflow [New Job]: Unable to perform GET request: Internal Server Error
close
Closed connection to server
connect --h IN-7PP8PC2-10:9090 --u admin --p ********
Connected to server: IN-7PP8PC2-10:9090
dataflow export  --e True --o exports --d "job1 test"
Dataflow exported [job1 test]
dataflow export  --e True --o exports --d "New Job"
Unable to export dataflow [New Job]: Unable to perform GET request: Internal Server Error
close
Closed connection to server
connect --h IN-7PP8PC2-10:9090 --u admin --p ********
Connected to server: IN-7PP8PC2-10:9090
dataflow export  --e True --o exports --d "job1 test"
Dataflow exported [job1 test]
dataflow export  --e True --o exports --d "New Job"
Unable to export dataflow [New Job]: Unable to perform GET request: Internal Server Error
close
Closed connection to server
connect --h IN-7PP8PC2-10:9090 --u admin --p ********
Connected to server: IN-7PP8PC2-10:9090
dataflow export  --e True --o exports --d "job1 test"
Dataflow exported [job1 test]
dataflow export  --e True --o exports --d "New Job"
Unable to export dataflow [New Job]: Unable to perform GET request: Internal Server Error
close
Closed connection to server
connect --h IN-7PP8PC2-10:9090 --u admin --p ********
Connected to server: IN-7PP8PC2-10:9090
dataflow export  --e True --o exports --d "job1 test"
Dataflow exported [job1 test]
dataflow export  --e True --o exports --d "New Job"
Unable to export dataflow [New Job]: Unable to perform GET request: Internal Server Error
close
Closed connection to server
connect --h IN-7PP8PC2-10:9090 --u admin --p ********
Connected to server: IN-7PP8PC2-10:9090
dataflow export  --e True --o exports --d "job1 test"
Dataflow exported [job1 test]
dataflow export  --e True --o exports --d "New Job"
Unable to export dataflow [New Job]: Unable to perform GET request: Internal Server Error
dataflow export  --e True --o exports --d "New Job2"
Unable to export dataflow [New Job2]: Unable to perform GET request: Internal Server Error
close
Closed connection to server
connect --h IN-7PP8PC2-10:9090 --u admin --p ********
Connected to server: IN-7PP8PC2-10:9090
dataflow export  --e True --o exports --d "job1 test"
Dataflow exported [job1 test]
dataflow export  --e True --o exports --d 
You should specify a default option, otherwise known as 'd', 'dataflowName' for this command
connect --h IN-7PP8PC2-10:9090 --u admin --p ********
Connected to server: IN-7PP8PC2-10:9090
dataflow export  --e True --o exports --d "job1 test"
Dataflow exported [job1 test]
dataflow export  --e True --o exports --d 
You should specify a default option, otherwise known as 'd', 'dataflowName' for this command
connect --h IN-7PP8PC2-10:9090 --u admin --p ********
Connected to server: IN-7PP8PC2-10:9090
dataflow export  --e True --o exports --d "job1 test"
Dataflow exported [job1 test]
close
Closed connection to server
connect --h IN-7PP8PC2-10:9090 --u admin --p ********
Connected to server: IN-7PP8PC2-10:9090
dataflow export  --e True --o exports --d "job1 test"
Dataflow exported [job1 test]
dataflow export  --e True --o exports --d "New Job"
Unable to export dataflow [New Job]: Unable to perform GET request: Internal Server Error
close
Closed connection to server
connect --h IN-7PP8PC2-10:9090 --u admin --p ********
Connected to server: IN-7PP8PC2-10:9090
dataflow export  --e True --o exports --d "job1 test"
Dataflow exported [job1 test]
dataflow export  --e True --o exports --d "New Job"
Unable to export dataflow [New Job]: Unable to perform GET request: Internal Server Error
dataflow export  --e True --o exports --d "job1 test"
Dataflow exported [job1 test]
dataflow export  --e True --o exports --d "New Job2"
Unable to export dataflow [New Job2]: Unable to perform GET request: Internal Server Error
close
Closed connection to server
connect --h IN-7PP8PC2-10:9090 --u admin --p ********
Connected to server: IN-7PP8PC2-10:9090
dataflow export  --e True --o exports --d "job1 test"
Dataflow exported [job1 test]
dataflow export  --e True --o exports --d "job1 test"
Dataflow exported [job1 test]
dataflow export  --e True --o exports --d "New Job2"
Unable to export dataflow [New Job2]: Unable to perform GET request: Internal Server Error
close
Closed connection to server
connect --h IN-7PP8PC2-10:9090 --u admin --p ********
Connected to server: IN-7PP8PC2-10:9090
dataflow export  --e True --o exports --d "job1 test"
Dataflow exported [job1 test]
dataflow export  --e True --o exports --d "job2 test"
Dataflow exported [job2 test]
dataflow export  --e True --o exports --d "New Job2"
Unable to export dataflow [New Job2]: Unable to perform GET request: Internal Server Error
close
Closed connection to server
connect --h IN-7PP8PC2-10:9090 --u admin --p ********
Connected to server: IN-7PP8PC2-10:9090
dataflow export  --e True --o exports --d "job1 test"
Dataflow exported [job1 test]
dataflow export  --e True --o exports --d "job2 test"
Dataflow exported [job2 test]
dataflow export  --e True --o exports --d "New Job2"
Unable to export dataflow [New Job2]: Unable to perform GET request: Internal Server Error
dataflow export  --e True --o exports --d "New Job"
Unable to export dataflow [New Job]: Unable to perform GET request: Internal Server Error
close
Closed connection to server
connect --h IN-7PP8PC2-10:9090 --u admin --p ********
Connected to server: IN-7PP8PC2-10:9090
dataflow export  --e True --o exports --d "job1 test"
Dataflow exported [job1 test]
dataflow export  --e True --o exports --d "job2 test"
Dataflow exported [job2 test]
dataflow export  --e True --o exports --d "New Job2"
Unable to export dataflow [New Job2]: Unable to perform GET request: Internal Server Error
close
Closed connection to server
connect --h IN-7PP8PC2-10:9090 --u admin --p ********
Connected to server: IN-7PP8PC2-10:9090
dataflow export  --e True --o exports --d "job1 test"
Dataflow exported [job1 test]
dataflow export  --e True --o exports --d "job2 test"
Dataflow exported [job2 test]
dataflow export  --e True --o exports --d "New Job2"
Unable to export dataflow [New Job2]: Unable to perform GET request: Internal Server Error
close
Closed connection to server
connect --h IN-7PP8PC2-10:9090 --u admin --p ********
Connected to server: IN-7PP8PC2-10:9090
dataflow import --u True --p exports --f "job1 test"
Dataflow file does not exist: D:\python Data\test2\job1 test
dataflow import --u True --p exports --f "job2 test"
Dataflow file does not exist: D:\python Data\test2\job2 test
dataflow import --u True --p exports --f "New Job2"
Dataflow file does not exist: D:\python Data\test2\New Job2
close
Closed connection to server
connect --h IN-7PP8PC2-10:9090 --u admin --p ********
Connected to server: IN-7PP8PC2-10:9090
dataflow export  --e True --o exports --d "job1 test"
Dataflow exported [job1 test]
dataflow export  --e True --o exports --d "job2 test"
Dataflow exported [job2 test]
dataflow export  --e True --o exports --d "New Job2"
Unable to export dataflow [New Job2]: Unable to perform GET request: Internal Server Error
close
Closed connection to server
connect --h IN-7PP8PC2-10:9090 --u admin --p ********
Connected to server: IN-7PP8PC2-10:9090
dataflow export  --e True --o exports --d "job1 test"
Dataflow exported [job1 test]
dataflow export  --e True --o exports --d "job2 test"
Dataflow exported [job2 test]
dataflow export  --e True --o exports --d "New Job2"
Unable to export dataflow [New Job2]: Unable to perform GET request: Internal Server Error
close
Closed connection to server
connect --h IN-7PP8PC2-10:9090 --u admin --p ********
Connected to server: IN-7PP8PC2-10:9090
dataflow export  --e True --o exports --d "job1 test"
Dataflow exported [job1 test]
dataflow export  --e True --o exports --d "job2 test"
Dataflow exported [job2 test]
dataflow export  --e True --o exports --d "New Job2"
Unable to export dataflow [New Job2]: Unable to perform GET request: Internal Server Error
close
Closed connection to server
connect --h IN-7PP8PC2-10:9090 --u admin --p ********
Connected to server: IN-7PP8PC2-10:9090
dataflow export  --e True --o exports --d "job1 test"
Dataflow exported [job1 test]
dataflow export  --e True --o exports --d "job2 test"
Dataflow exported [job2 test]
dataflow export  --e True --o exports --d "New Job2"
Unable to export dataflow [New Job2]: Unable to perform GET request: Internal Server Error
close
Closed connection to server
connect --h IN-7PP8PC2-10:9090 --u admin --p ********
Connected to server: IN-7PP8PC2-10:9090
dataflow export  --e True --o exports --d "job1 test"
Dataflow exported [job1 test]
dataflow export  --e True --o exports --d "job2 test"
Dataflow exported [job2 test]
dataflow export  --e True --o exports --d "New Job2"
Unable to export dataflow [New Job2]: Unable to perform GET request: Internal Server Error
close
Closed connection to server
 _____                 _
/  ___|               | |                         (TM)
\ `--. _ __   ___  ___| |_ _ __ _   _ _ __ ___
 `--. \ '_ \ / _ \/ __| __| '__| | | | '_ ` _ \
/\__/ / |_) |  __/ (__| |_| |  | |_| | | | | | |
\____/| .__/ \___|\___|\__|_|   \__,_|_| |_| |_|
      | |
      |_|
12.1


Welcome to the Spectrum Technology Platform. For assistance type "help" then hit ENTER.
connect --h IN-7PP8PC2-10:9090 --u admin --p ********
Connected to server: IN-7PP8PC2-10:9090
dataflow list
+-----------+------+---------+
|    NAME   | TYPE | EXPOSED |
+-----------+------+---------+
|   New Job |  Job |   false |
| job1 test |  Job |    true |
| job2 test |  Job |    true |
+-----------+------+---------+

close
Closed connection to server
connect --h IN-7PP8PC2-10:9090 --u admin --p ********
Connected to server: IN-7PP8PC2-10:9090
dataflow list
+-----------+------+---------+
|    NAME   | TYPE | EXPOSED |
+-----------+------+---------+
|   New Job |  Job |   false |
| job1 test |  Job |    true |
| job2 test |  Job |    true |
+-----------+------+---------+

close
Closed connection to server
connect --h IN-7PP8PC2-10:9090 --u admin --p ********
Connected to server: IN-7PP8PC2-10:9090
dataflow list
+-----------+------+---------+
|    NAME   | TYPE | EXPOSED |
+-----------+------+---------+
|   New Job |  Job |   false |
| job1 test |  Job |    true |
| job2 test |  Job |    true |
+-----------+------+---------+

close
Closed connection to server
connect --h IN-7PP8PC2-10:9090 --u admin --p ********
Connected to server: IN-7PP8PC2-10:9090
dataflow list
+-----------+------+---------+
|    NAME   | TYPE | EXPOSED |
+-----------+------+---------+
|   New Job |  Job |   false |
| job1 test |  Job |    true |
| job2 test |  Job |    true |
+-----------+------+---------+

close
Closed connection to server
connect --h IN-7PP8PC2-10:9090 --u admin --p ********
Connected to server: IN-7PP8PC2-10:9090
dataflow list
+-----------+------+---------+
|    NAME   | TYPE | EXPOSED |
+-----------+------+---------+
|   New Job |  Job |   false |
| job1 test |  Job |    true |
| job2 test |  Job |    true |
+-----------+------+---------+

close
Closed connection to server
connect --h IN-7PP8PC2-10:9090 --u admin --p ********
Connected to server: IN-7PP8PC2-10:9090
dataflow list
+-----------+------+---------+
|    NAME   | TYPE | EXPOSED |
+-----------+------+---------+
|   New Job |  Job |   false |
| job1 test |  Job |    true |
| job2 test |  Job |    true |
+-----------+------+---------+

close
Closed connection to server
connect --h IN-7PP8PC2-10:9090 --u admin --p ********
Connected to server: IN-7PP8PC2-10:9090
dataflow list
+-----------+------+---------+
|    NAME   | TYPE | EXPOSED |
+-----------+------+---------+
|   New Job |  Job |   false |
| job1 test |  Job |    true |
| job2 test |  Job |    true |
+-----------+------+---------+

close
Closed connection to server
connect --h IN-7PP8PC2-10:9090 --u admin --p ********
Connected to server: IN-7PP8PC2-10:9090
dataflow list
+-----------+------+---------+
|    NAME   | TYPE | EXPOSED |
+-----------+------+---------+
|   New Job |  Job |   false |
| job1 test |  Job |    true |
| job2 test |  Job |    true |
+-----------+------+---------+

close
Closed connection to server
connect --h IN-7PP8PC2-10:9090 --u admin --p ********
Connected to server: IN-7PP8PC2-10:9090
dataflow list
+-----------+------+---------+
|    NAME   | TYPE | EXPOSED |
+-----------+------+---------+
|   New Job |  Job |   false |
| job1 test |  Job |    true |
| job2 test |  Job |    true |
+-----------+------+---------+

close
Closed connection to server
connect --h IN-7PP8PC2-10:9090 --u admin --p ********
Connected to server: IN-7PP8PC2-10:9090
dataflow list
+-----------+------+---------+
|    NAME   | TYPE | EXPOSED |
+-----------+------+---------+
|   New Job |  Job |   false |
| job1 test |  Job |    true |
| job2 test |  Job |    true |
+-----------+------+---------+

close
Closed connection to server
connect --h IN-7PP8PC2-10:9090 --u admin --p ********
Connected to server: IN-7PP8PC2-10:9090
dataflow list
+-----------+------+---------+
|    NAME   | TYPE | EXPOSED |
+-----------+------+---------+
|   New Job |  Job |   false |
| job1 test |  Job |    true |
| job2 test |  Job |    true |
+-----------+------+---------+

close
Closed connection to server
connect --h IN-7PP8PC2-10:9090 --u admin --p ********
Connected to server: IN-7PP8PC2-10:9090
dataflow list
+-----------+------+---------+
|    NAME   | TYPE | EXPOSED |
+-----------+------+---------+
|   New Job |  Job |   false |
| job1 test |  Job |    true |
| job2 test |  Job |    true |
+-----------+------+---------+

close
Closed connection to server
 _____                 _
/  ___|               | |                         (TM)
\ `--. _ __   ___  ___| |_ _ __ _   _ _ __ ___
 `--. \ '_ \ / _ \/ __| __| '__| | | | '_ ` _ \
/\__/ / |_) |  __/ (__| |_| |  | |_| | | | | | |
\____/| .__/ \___|\___|\__|_|   \__,_|_| |_| |_|
      | |
      |_|
12.1


Welcome to the Spectrum Technology Platform. For assistance type "help" then hit ENTER.
connect --h IN-7PP8PC2-10:9090 --u admin --p ********
Connected to server: IN-7PP8PC2-10:9090
dataflow list
+-----------+------+---------+
|    NAME   | TYPE | EXPOSED |
+-----------+------+---------+
|   New Job |  Job |   false |
| job1 test |  Job |    true |
| job2 test |  Job |    true |
+-----------+------+---------+

close
Closed connection to server
connect --h IN-7PP8PC2-10:9090 --u admin --p ********
Connected to server: IN-7PP8PC2-10:9090
dataflow export  --e True --o exports --d "job1 test"
Dataflow exported [job1 test]
dataflow export  --e True --o exports --d "job2 test"
Dataflow exported [job2 test]
dataflow export  --e True --o exports --d "New Job2"
Unable to export dataflow [New Job2]: Unable to perform GET request: Internal Server Error
close
Closed connection to server
connect --h IN-7PP8PC2-10:9090 --u admin --p ********
Connected to server: IN-7PP8PC2-10:9090
dataflow list
+-----------+------+---------+
|    NAME   | TYPE | EXPOSED |
+-----------+------+---------+
|   New Job |  Job |   false |
| job1 test |  Job |    true |
| job2 test |  Job |    true |
+-----------+------+---------+

close
Closed connection to server
connect --h IN-7PP8PC2-10:9090 --u admin --p ********
Connected to server: IN-7PP8PC2-10:9090
dataflow export  --e True --o exports --d "job1 test"
Dataflow exported [job1 test]
dataflow export  --e True --o exports --d "job2 test"
Dataflow exported [job2 test]
dataflow export  --e True --o exports --d "New Job2"
Unable to export dataflow [New Job2]: Unable to perform GET request: Internal Server Error
close
Closed connection to server
connect --h IN-7PP8PC2-10:9090 --u admin --p ********
Connected to server: IN-7PP8PC2-10:9090
dataflow list
+-----------+------+---------+
|    NAME   | TYPE | EXPOSED |
+-----------+------+---------+
|   New Job |  Job |   false |
| job1 test |  Job |    true |
| job2 test |  Job |    true |
+-----------+------+---------+

close
Closed connection to server
connect --h IN-7PP8PC2-10:9090 --u admin --p ********
Connected to server: IN-7PP8PC2-10:9090
dataflow export  --e True --o exports --d "job1 test"
Dataflow exported [job1 test]
dataflow export  --e True --o exports --d "job2 test"
Dataflow exported [job2 test]
dataflow export  --e True --o exports --d "New Job2"
Unable to export dataflow [New Job2]: Unable to perform GET request: Internal Server Error
close
Closed connection to server
connect --h IN-7PP8PC2-10:9090 --u admin --p ********
Connected to server: IN-7PP8PC2-10:9090
dataflow list
+-----------+------+---------+
|    NAME   | TYPE | EXPOSED |
+-----------+------+---------+
|   New Job |  Job |   false |
| job1 test |  Job |    true |
| job2 test |  Job |    true |
+-----------+------+---------+

close
Closed connection to server
connect --h IN-7PP8PC2-10:9090 --u admin --p ********
Connected to server: IN-7PP8PC2-10:9090
dataflow export  --e True --o exports --d "job1 test"
Dataflow exported [job1 test]
dataflow export  --e True --o exports --d "job2 test"
Dataflow exported [job2 test]
dataflow export  --e True --o exports --d "New Job2"
Unable to export dataflow [New Job2]: Unable to perform GET request: Internal Server Error
dataflow export  --e True --o exports --d "New Job"
Unable to export dataflow [New Job]: Unable to perform GET request: Internal Server Error
close
Closed connection to server
connect --h IN-7PP8PC2-10:9090 --u admin --p ********
Connected to server: IN-7PP8PC2-10:9090
dataflow list
+-----------+------+---------+
|    NAME   | TYPE | EXPOSED |
+-----------+------+---------+
|   New Job |  Job |   false |
| job1 test |  Job |    true |
| job2 test |  Job |    true |
+-----------+------+---------+

close
Closed connection to server
connect --h IN-7PP8PC2-10:9090 --u admin --p ********
Connected to server: IN-7PP8PC2-10:9090
dataflow export  --e True --o exports --d "job1 test"
Dataflow exported [job1 test]
dataflow export  --e True --o exports --d "job2 test"
Dataflow exported [job2 test]
dataflow export  --e True --o exports --d "New Job2"
Unable to export dataflow [New Job2]: Unable to perform GET request: Internal Server Error
dataflow export  --e True --o exports --d "New Job"
Unable to export dataflow [New Job]: Unable to perform GET request: Internal Server Error
close
Closed connection to server
connect --h IN-7PP8PC2-10:9090 --u admin --p ********
Connected to server: IN-7PP8PC2-10:9090
dataflow list
+-----------+------+---------+
|    NAME   | TYPE | EXPOSED |
+-----------+------+---------+
|   New Job |  Job |   false |
| job1 test |  Job |    true |
| job2 test |  Job |    true |
+-----------+------+---------+

close
Closed connection to server
connect --h IN-7PP8PC2-10:9090 --u admin --p ********
Connected to server: IN-7PP8PC2-10:9090
dataflow export  --e True --o exports --d "job1 test"
Dataflow exported [job1 test]
dataflow export  --e True --o exports --d "job2 test"
Dataflow exported [job2 test]
dataflow export  --e True --o exports --d "New Job2"
Unable to export dataflow [New Job2]: Unable to perform GET request: Internal Server Error
dataflow export  --e True --o exports --d "New Job"
Unable to export dataflow [New Job]: Unable to perform GET request: Internal Server Error
close
Closed connection to server
connect --h IN-7PP8PC2-10:9090 --u admin --p ********
Connected to server: IN-7PP8PC2-10:9090
dataflow list
+-----------+------+---------+
|    NAME   | TYPE | EXPOSED |
+-----------+------+---------+
|   New Job |  Job |   false |
| job1 test |  Job |    true |
| job2 test |  Job |    true |
+-----------+------+---------+

close
Closed connection to server
connect --h IN-7PP8PC2-10:9090 --u admin --p ********
Connected to server: IN-7PP8PC2-10:9090
dataflow export  --e True --o exports --d "job1 test"
Dataflow exported [job1 test]
dataflow export  --e True --o exports --d "job2 test"
Dataflow exported [job2 test]
dataflow export  --e True --o exports --d "New Job2"
Unable to export dataflow [New Job2]: Unable to perform GET request: Internal Server Error
dataflow export  --e True --o exports --d "New Job"
Unable to export dataflow [New Job]: Unable to perform GET request: Internal Server Error
close
Closed connection to server
connect --h IN-7PP8PC2-10:9090 --u admin --p ********
Connected to server: IN-7PP8PC2-10:9090
dataflow list
+-----------+------+---------+
|    NAME   | TYPE | EXPOSED |
+-----------+------+---------+
|   New Job |  Job |   false |
| job1 test |  Job |    true |
| job2 test |  Job |    true |
+-----------+------+---------+

close
Closed connection to server
connect --h IN-7PP8PC2-10:9090 --u admin --p ********
Connected to server: IN-7PP8PC2-10:9090
dataflow export  --e True --o exports --d "job1 test"
Dataflow exported [job1 test]
dataflow export  --e True --o exports --d "job2 test"
Dataflow exported [job2 test]
dataflow export  --e True --o exports --d "New Job2"
Unable to export dataflow [New Job2]: Unable to perform GET request: Internal Server Error
dataflow export  --e True --o exports --d "New Job"
Unable to export dataflow [New Job]: Unable to perform GET request: Internal Server Error
close
Closed connection to server
connect --h IN-7PP8PC2-10:9090 --u admin --p ********
Connected to server: IN-7PP8PC2-10:9090
dataflow list
+-----------+------+---------+
|    NAME   | TYPE | EXPOSED |
+-----------+------+---------+
|   New Job |  Job |   false |
| job1 test |  Job |    true |
| job2 test |  Job |    true |
+-----------+------+---------+

close
Closed connection to server
connect --h IN-7PP8PC2-10:9090 --u admin --p ********
Connected to server: IN-7PP8PC2-10:9090
dataflow export  --e True --o exports --d "job1 test"
Dataflow exported [job1 test]
dataflow export  --e True --o exports --d "job2 test"
Dataflow exported [job2 test]
dataflow export  --e True --o exports --d "New Job2"
Unable to export dataflow [New Job2]: Unable to perform GET request: Internal Server Error
dataflow export  --e True --o exports --d "New Job"
Unable to export dataflow [New Job]: Unable to perform GET request: Internal Server Error
close
Closed connection to server
connect --h IN-7PP8PC2-10:9090 --u admin --p ********
Connected to server: IN-7PP8PC2-10:9090
dataflow list
+-----------+------+---------+
|    NAME   | TYPE | EXPOSED |
+-----------+------+---------+
|   New Job |  Job |   false |
| job1 test |  Job |    true |
| job2 test |  Job |    true |
+-----------+------+---------+

close
Closed connection to server
connect --h IN-7PP8PC2-10:9090 --u admin --p ********
Connected to server: IN-7PP8PC2-10:9090
dataflow export  --e True --o exports --d "job1 test"
Dataflow exported [job1 test]
dataflow export  --e True --o exports --d "job2 test"
Dataflow exported [job2 test]
dataflow export  --e True --o exports --d "New Job2"
Unable to export dataflow [New Job2]: Unable to perform GET request: Internal Server Error
dataflow export  --e True --o exports --d "New Job"
Unable to export dataflow [New Job]: Unable to perform GET request: Internal Server Error
close
Closed connection to server
connect --h IN-7PP8PC2-10:9090 --u admin --p ********
Connected to server: IN-7PP8PC2-10:9090
dataflow list
+-----------+------+---------+
|    NAME   | TYPE | EXPOSED |
+-----------+------+---------+
|   New Job |  Job |   false |
| job1 test |  Job |    true |
| job2 test |  Job |    true |
+-----------+------+---------+

close
Closed connection to server
connect --h IN-7PP8PC2-10:9090 --u admin --p ********
Connected to server: IN-7PP8PC2-10:9090
dataflow export  --e True --o exports --d "job1 test"
Dataflow exported [job1 test]
dataflow export  --e True --o exports --d "job2 test"
Dataflow exported [job2 test]
dataflow export  --e True --o exports --d "New Job2"
Unable to export dataflow [New Job2]: Unable to perform GET request: Internal Server Error
dataflow export  --e True --o exports --d "New Job"
Unable to export dataflow [New Job]: Unable to perform GET request: Internal Server Error
close
Closed connection to server
connect --h IN-7PP8PC2-10:9090 --u admin --p ********
Connected to server: IN-7PP8PC2-10:9090
dataflow list
+-----------+------+---------+
|    NAME   | TYPE | EXPOSED |
+-----------+------+---------+
|   New Job |  Job |   false |
| job1 test |  Job |    true |
| job2 test |  Job |    true |
+-----------+------+---------+

close
Closed connection to server
connect --h IN-7PP8PC2-10:9090 --u admin --p ********
Connected to server: IN-7PP8PC2-10:9090
dataflow export  --e True --o exports --d "job1 test"
Dataflow exported [job1 test]
dataflow export  --e True --o exports --d "job2 test"
Dataflow exported [job2 test]
dataflow export  --e True --o exports --d "New Job2"
Unable to export dataflow [New Job2]: Unable to perform GET request: Internal Server Error
dataflow export  --e True --o exports --d "New Job"
Unable to export dataflow [New Job]: Unable to perform GET request: Internal Server Error
close
Closed connection to server
connect --h IN-7PP8PC2-10:9090 --u admin --p ********
Connected to server: IN-7PP8PC2-10:9090
dataflow list
+-----------+------+---------+
|    NAME   | TYPE | EXPOSED |
+-----------+------+---------+
|   New Job |  Job |   false |
| job1 test |  Job |    true |
| job2 test |  Job |    true |
+-----------+------+---------+

close
Closed connection to server
connect --h IN-7PP8PC2-10:9090 --u admin --p ********
Connected to server: IN-7PP8PC2-10:9090
dataflow export  --e True --o exports --d "job1 test"
Dataflow exported [job1 test]
dataflow export  --e True --o exports --d "job2 test"
Dataflow exported [job2 test]
dataflow export  --e True --o exports --d "New Job2"
Unable to export dataflow [New Job2]: Unable to perform GET request: Internal Server Error
dataflow export  --e True --o exports --d "New Job"
Unable to export dataflow [New Job]: Unable to perform GET request: Internal Server Error
close
Closed connection to server
connect --h IN-7PP8PC2-10:9090 --u admin --p ********
Connected to server: IN-7PP8PC2-10:9090
dataflow list
+-----------+------+---------+
|    NAME   | TYPE | EXPOSED |
+-----------+------+---------+
|   New Job |  Job |   false |
| job1 test |  Job |    true |
| job2 test |  Job |    true |
+-----------+------+---------+

close
Closed connection to server
connect --h IN-7PP8PC2-10:9090 --u admin --p ********
Connected to server: IN-7PP8PC2-10:9090
dataflow export  --e True --o exports --d "job1 test"
Dataflow exported [job1 test]
dataflow export  --e True --o exports --d "job2 test"
Dataflow exported [job2 test]
dataflow export  --e True --o exports --d "New Job2"
Unable to export dataflow [New Job2]: Unable to perform GET request: Internal Server Error
dataflow export  --e True --o exports --d "New Job"
Unable to export dataflow [New Job]: Unable to perform GET request: Internal Server Error
close
Closed connection to server
